<?xml version="1.0" encoding="UTF-8"?>
<!-- Generated by org.testng.reporters.JUnitXMLReporter -->
<testsuite ignored="0" hostname="DESKTOP-NQ6N3C2" failures="0" tests="4" name="Test" time="0.062" errors="0" timestamp="2023-01-27T01:55:32 CST">
  <testcase classname="qaclickacademy.SeleniumTest" name="BrowserAUtomation" time="0.006"/>
  <testcase classname="qaclickacademy.SeleniumTest" name="elementsUi" time="0.001"/>
  <testcase classname="qaclickacademy.RESTAPITest" name="deleteTwitter" time="0.001"/>
  <testcase classname="qaclickacademy.RESTAPITest" name="postJira" time="0.0"/>
</testsuite> <!-- Test -->
